<?xml version="1.0" encoding="UTF-8"?>
<testsuite xmlns:xsi="http://www.w3.org/2001/XMLSchema-instance" xsi:noNamespaceSchemaLocation="https://maven.apache.org/surefire/maven-surefire-plugin/xsd/surefire-test-report.xsd" name="org.anderbengolea.junit5app.ejemplos.models.CuentaTest" time="0.113" tests="6" errors="0" skipped="0" failures="0">
  <properties>
[...]
</properties>
  <testcase name="testTransferirDineroCuentas" classname="org.anderbengolea.junit5app.ejemplos.models.CuentaTest" time="0.071"/>
  <testcase name="testCreditoCuenta" classname="org.anderbengolea.junit5app.ejemplos.models.CuentaTest$CuentaOperacionesTest" time="0.002"/>
  <testcase name="testDebitoCuenta" classname="org.anderbengolea.junit5app.ejemplos.models.CuentaTest$CuentaOperacionesTest" time="0.002"/>
  <testcase name="testSaldoCuenta" classname="org.anderbengolea.junit5app.ejemplos.models.CuentaTest$CuentaTestNombreSaldo" time="0.002"/>
  <testcase name="testReferenciaDeCuenta" classname="org.anderbengolea.junit5app.ejemplos.models.CuentaTest$CuentaTestNombreSaldo" time="0.001"/>
  <testcase name="testNombreCuenta" classname="org.anderbengolea.junit5app.ejemplos.models.CuentaTest$CuentaTestNombreSaldo" time="0.002"/>
</testsuite>